<?xml version="1.0" encoding="UTF-8"?>
<!-- Generated by org.testng.reporters.JUnitReportReporter -->
<testsuite hostname="DESKTOP-SSHDTPK" failures="0" tests="2" name="academy.HomePage" time="25.920" errors="0" timestamp="10 Mar 2020 01:25:23 GMT" skipped="0">
  <testcase classname="academy.HomePage" name="validateLoginPage" time="8.359"/>
  <testcase classname="academy.HomePage" name="validateLoginPage" time="17.561"/>
</testsuite> <!-- academy.HomePage -->
