<?xml version="1.0" encoding="UTF-8"?>
<!-- Generated by org.testng.reporters.JUnitReportReporter -->
<testsuite hostname="DESKTOP-SSHDTPK" failures="0" tests="2" name="academy.validatePage" time="3.182" errors="0" timestamp="10 Mar 2020 01:25:22 GMT" skipped="0">
  <testcase classname="academy.validatePage" name="validateContactTitle" time="3.117"/>
  <testcase classname="academy.validatePage" name="validateHeader" time="0.065"/>
</testsuite> <!-- academy.validatePage -->
